0 info it worked if it ends with ok
1 verbose cli [ '/usr/local/bin/node', '/usr/local/bin/npm', 'install' ]
2 info using npm@1.4.23
3 info using node@v0.10.31
4 verbose readDependencies using package.json deps
5 verbose install where, deps [ '/Users/txrzb/work/learn/technologies/node.js/express-sample',
5 verbose install   [ 'express',
5 verbose install     'body-parser',
5 verbose install     'cookie-parser',
5 verbose install     'morgan',
5 verbose install     'serve-favicon',
5 verbose install     'debug',
5 verbose install     'jade' ] ]
6 info preinstall express-sample@0.0.0
7 verbose readDependencies using package.json deps
8 verbose cache add [ 'express@~4.9.0', null ]
9 verbose cache add name=undefined spec="express@~4.9.0" args=["express@~4.9.0",null]
10 verbose parsed url { protocol: null,
10 verbose parsed url   slashes: null,
10 verbose parsed url   auth: null,
10 verbose parsed url   host: null,
10 verbose parsed url   port: null,
10 verbose parsed url   hostname: null,
10 verbose parsed url   hash: null,
10 verbose parsed url   search: null,
10 verbose parsed url   query: null,
10 verbose parsed url   pathname: 'express@~4.9.0',
10 verbose parsed url   path: 'express@~4.9.0',
10 verbose parsed url   href: 'express@~4.9.0' }
11 verbose cache add [ 'body-parser@~1.8.1', null ]
12 verbose cache add name=undefined spec="body-parser@~1.8.1" args=["body-parser@~1.8.1",null]
13 verbose parsed url { protocol: null,
13 verbose parsed url   slashes: null,
13 verbose parsed url   auth: null,
13 verbose parsed url   host: null,
13 verbose parsed url   port: null,
13 verbose parsed url   hostname: null,
13 verbose parsed url   hash: null,
13 verbose parsed url   search: null,
13 verbose parsed url   query: null,
13 verbose parsed url   pathname: 'body-parser@~1.8.1',
13 verbose parsed url   path: 'body-parser@~1.8.1',
13 verbose parsed url   href: 'body-parser@~1.8.1' }
14 verbose cache add [ 'cookie-parser@~1.3.3', null ]
15 verbose cache add name=undefined spec="cookie-parser@~1.3.3" args=["cookie-parser@~1.3.3",null]
16 verbose parsed url { protocol: null,
16 verbose parsed url   slashes: null,
16 verbose parsed url   auth: null,
16 verbose parsed url   host: null,
16 verbose parsed url   port: null,
16 verbose parsed url   hostname: null,
16 verbose parsed url   hash: null,
16 verbose parsed url   search: null,
16 verbose parsed url   query: null,
16 verbose parsed url   pathname: 'cookie-parser@~1.3.3',
16 verbose parsed url   path: 'cookie-parser@~1.3.3',
16 verbose parsed url   href: 'cookie-parser@~1.3.3' }
17 verbose cache add name="express" spec="~4.9.0" args=["express","~4.9.0"]
18 verbose parsed url { protocol: null,
18 verbose parsed url   slashes: null,
18 verbose parsed url   auth: null,
18 verbose parsed url   host: null,
18 verbose parsed url   port: null,
18 verbose parsed url   hostname: null,
18 verbose parsed url   hash: null,
18 verbose parsed url   search: null,
18 verbose parsed url   query: null,
18 verbose parsed url   pathname: '~4.9.0',
18 verbose parsed url   path: '~4.9.0',
18 verbose parsed url   href: '~4.9.0' }
19 verbose addNamed [ 'express', '~4.9.0' ]
20 verbose addNamed [ null, '>=4.9.0-0 <4.10.0-0' ]
21 verbose cache add name="body-parser" spec="~1.8.1" args=["body-parser","~1.8.1"]
22 verbose parsed url { protocol: null,
22 verbose parsed url   slashes: null,
22 verbose parsed url   auth: null,
22 verbose parsed url   host: null,
22 verbose parsed url   port: null,
22 verbose parsed url   hostname: null,
22 verbose parsed url   hash: null,
22 verbose parsed url   search: null,
22 verbose parsed url   query: null,
22 verbose parsed url   pathname: '~1.8.1',
22 verbose parsed url   path: '~1.8.1',
22 verbose parsed url   href: '~1.8.1' }
23 verbose addNamed [ 'body-parser', '~1.8.1' ]
24 verbose addNamed [ null, '>=1.8.1-0 <1.9.0-0' ]
25 verbose cache add [ 'morgan@~1.3.0', null ]
26 verbose cache add name=undefined spec="morgan@~1.3.0" args=["morgan@~1.3.0",null]
27 verbose parsed url { protocol: null,
27 verbose parsed url   slashes: null,
27 verbose parsed url   auth: null,
27 verbose parsed url   host: null,
27 verbose parsed url   port: null,
27 verbose parsed url   hostname: null,
27 verbose parsed url   hash: null,
27 verbose parsed url   search: null,
27 verbose parsed url   query: null,
27 verbose parsed url   pathname: 'morgan@~1.3.0',
27 verbose parsed url   path: 'morgan@~1.3.0',
27 verbose parsed url   href: 'morgan@~1.3.0' }
28 verbose cache add name="cookie-parser" spec="~1.3.3" args=["cookie-parser","~1.3.3"]
29 verbose parsed url { protocol: null,
29 verbose parsed url   slashes: null,
29 verbose parsed url   auth: null,
29 verbose parsed url   host: null,
29 verbose parsed url   port: null,
29 verbose parsed url   hostname: null,
29 verbose parsed url   hash: null,
29 verbose parsed url   search: null,
29 verbose parsed url   query: null,
29 verbose parsed url   pathname: '~1.3.3',
29 verbose parsed url   path: '~1.3.3',
29 verbose parsed url   href: '~1.3.3' }
30 verbose addNamed [ 'cookie-parser', '~1.3.3' ]
31 verbose addNamed [ null, '>=1.3.3-0 <1.4.0-0' ]
32 silly lockFile 6ae7fa08-express-4-9-0 express@~4.9.0
33 verbose lock express@~4.9.0 /Users/txrzb/.npm/6ae7fa08-express-4-9-0.lock
34 silly lockFile a49948c1-body-parser-1-8-1 body-parser@~1.8.1
35 verbose lock body-parser@~1.8.1 /Users/txrzb/.npm/a49948c1-body-parser-1-8-1.lock
36 silly lockFile bf5babd8-cookie-parser-1-3-3 cookie-parser@~1.3.3
37 verbose lock cookie-parser@~1.3.3 /Users/txrzb/.npm/bf5babd8-cookie-parser-1-3-3.lock
38 verbose cache add [ 'serve-favicon@~2.1.3', null ]
39 verbose cache add name=undefined spec="serve-favicon@~2.1.3" args=["serve-favicon@~2.1.3",null]
40 verbose parsed url { protocol: null,
40 verbose parsed url   slashes: null,
40 verbose parsed url   auth: null,
40 verbose parsed url   host: null,
40 verbose parsed url   port: null,
40 verbose parsed url   hostname: null,
40 verbose parsed url   hash: null,
40 verbose parsed url   search: null,
40 verbose parsed url   query: null,
40 verbose parsed url   pathname: 'serve-favicon@~2.1.3',
40 verbose parsed url   path: 'serve-favicon@~2.1.3',
40 verbose parsed url   href: 'serve-favicon@~2.1.3' }
41 verbose cache add name="morgan" spec="~1.3.0" args=["morgan","~1.3.0"]
42 verbose parsed url { protocol: null,
42 verbose parsed url   slashes: null,
42 verbose parsed url   auth: null,
42 verbose parsed url   host: null,
42 verbose parsed url   port: null,
42 verbose parsed url   hostname: null,
42 verbose parsed url   hash: null,
42 verbose parsed url   search: null,
42 verbose parsed url   query: null,
42 verbose parsed url   pathname: '~1.3.0',
42 verbose parsed url   path: '~1.3.0',
42 verbose parsed url   href: '~1.3.0' }
43 verbose addNamed [ 'morgan', '~1.3.0' ]
44 verbose addNamed [ null, '>=1.3.0-0 <1.4.0-0' ]
45 silly lockFile a4a9bdf4-morgan-1-3-0 morgan@~1.3.0
46 verbose lock morgan@~1.3.0 /Users/txrzb/.npm/a4a9bdf4-morgan-1-3-0.lock
47 verbose cache add [ 'debug@~2.0.0', null ]
48 verbose cache add name=undefined spec="debug@~2.0.0" args=["debug@~2.0.0",null]
49 verbose parsed url { protocol: null,
49 verbose parsed url   slashes: null,
49 verbose parsed url   auth: null,
49 verbose parsed url   host: null,
49 verbose parsed url   port: null,
49 verbose parsed url   hostname: null,
49 verbose parsed url   hash: null,
49 verbose parsed url   search: null,
49 verbose parsed url   query: null,
49 verbose parsed url   pathname: 'debug@~2.0.0',
49 verbose parsed url   path: 'debug@~2.0.0',
49 verbose parsed url   href: 'debug@~2.0.0' }
50 verbose cache add name="serve-favicon" spec="~2.1.3" args=["serve-favicon","~2.1.3"]
51 verbose parsed url { protocol: null,
51 verbose parsed url   slashes: null,
51 verbose parsed url   auth: null,
51 verbose parsed url   host: null,
51 verbose parsed url   port: null,
51 verbose parsed url   hostname: null,
51 verbose parsed url   hash: null,
51 verbose parsed url   search: null,
51 verbose parsed url   query: null,
51 verbose parsed url   pathname: '~2.1.3',
51 verbose parsed url   path: '~2.1.3',
51 verbose parsed url   href: '~2.1.3' }
52 verbose addNamed [ 'serve-favicon', '~2.1.3' ]
53 verbose addNamed [ null, '>=2.1.3-0 <2.2.0-0' ]
54 silly lockFile 38295489-serve-favicon-2-1-3 serve-favicon@~2.1.3
55 verbose lock serve-favicon@~2.1.3 /Users/txrzb/.npm/38295489-serve-favicon-2-1-3.lock
56 silly addNameRange { name: 'express', range: '>=4.9.0-0 <4.10.0-0', hasData: false }
57 silly addNameRange { name: 'body-parser',
57 silly addNameRange   range: '>=1.8.1-0 <1.9.0-0',
57 silly addNameRange   hasData: false }
58 silly addNameRange { name: 'cookie-parser',
58 silly addNameRange   range: '>=1.3.3-0 <1.4.0-0',
58 silly addNameRange   hasData: false }
59 verbose cache add [ 'jade@~1.6.0', null ]
60 verbose cache add name=undefined spec="jade@~1.6.0" args=["jade@~1.6.0",null]
61 verbose parsed url { protocol: null,
61 verbose parsed url   slashes: null,
61 verbose parsed url   auth: null,
61 verbose parsed url   host: null,
61 verbose parsed url   port: null,
61 verbose parsed url   hostname: null,
61 verbose parsed url   hash: null,
61 verbose parsed url   search: null,
61 verbose parsed url   query: null,
61 verbose parsed url   pathname: 'jade@~1.6.0',
61 verbose parsed url   path: 'jade@~1.6.0',
61 verbose parsed url   href: 'jade@~1.6.0' }
62 verbose cache add name="debug" spec="~2.0.0" args=["debug","~2.0.0"]
63 verbose parsed url { protocol: null,
63 verbose parsed url   slashes: null,
63 verbose parsed url   auth: null,
63 verbose parsed url   host: null,
63 verbose parsed url   port: null,
63 verbose parsed url   hostname: null,
63 verbose parsed url   hash: null,
63 verbose parsed url   search: null,
63 verbose parsed url   query: null,
63 verbose parsed url   pathname: '~2.0.0',
63 verbose parsed url   path: '~2.0.0',
63 verbose parsed url   href: '~2.0.0' }
64 verbose addNamed [ 'debug', '~2.0.0' ]
65 verbose addNamed [ null, '>=2.0.0-0 <2.1.0-0' ]
66 silly lockFile 12b6356d-debug-2-0-0 debug@~2.0.0
67 verbose lock debug@~2.0.0 /Users/txrzb/.npm/12b6356d-debug-2-0-0.lock
68 silly addNameRange { name: 'morgan', range: '>=1.3.0-0 <1.4.0-0', hasData: false }
69 verbose cache add name="jade" spec="~1.6.0" args=["jade","~1.6.0"]
70 verbose parsed url { protocol: null,
70 verbose parsed url   slashes: null,
70 verbose parsed url   auth: null,
70 verbose parsed url   host: null,
70 verbose parsed url   port: null,
70 verbose parsed url   hostname: null,
70 verbose parsed url   hash: null,
70 verbose parsed url   search: null,
70 verbose parsed url   query: null,
70 verbose parsed url   pathname: '~1.6.0',
70 verbose parsed url   path: '~1.6.0',
70 verbose parsed url   href: '~1.6.0' }
71 verbose addNamed [ 'jade', '~1.6.0' ]
72 verbose addNamed [ null, '>=1.6.0-0 <1.7.0-0' ]
73 silly lockFile ad8c17a8-jade-1-6-0 jade@~1.6.0
74 verbose lock jade@~1.6.0 /Users/txrzb/.npm/ad8c17a8-jade-1-6-0.lock
75 silly addNameRange { name: 'serve-favicon',
75 silly addNameRange   range: '>=2.1.3-0 <2.2.0-0',
75 silly addNameRange   hasData: false }
76 silly addNameRange { name: 'debug', range: '>=2.0.0-0 <2.1.0-0', hasData: false }
77 silly addNameRange { name: 'jade', range: '>=1.6.0-0 <1.7.0-0', hasData: false }
78 verbose request where is /cookie-parser
79 verbose request registry http://registry.npmjs.org/
80 verbose request id 8500522c96c9bf33
81 verbose url raw /cookie-parser
82 verbose url resolving [ 'http://registry.npmjs.org/', './cookie-parser' ]
83 verbose url resolved http://registry.npmjs.org/cookie-parser
84 verbose request where is http://registry.npmjs.org/cookie-parser
85 info trying registry request attempt 1 at 11:42:52
86 verbose etag "D2I21Z55J0M83YHA636O1DW9K"
87 http GET http://registry.npmjs.org/cookie-parser
88 verbose request where is /body-parser
89 verbose request registry http://registry.npmjs.org/
90 verbose url raw /body-parser
91 verbose url resolving [ 'http://registry.npmjs.org/', './body-parser' ]
92 verbose url resolved http://registry.npmjs.org/body-parser
93 verbose request where is http://registry.npmjs.org/body-parser
94 info trying registry request attempt 1 at 11:42:52
95 verbose etag "8N8TB9DH42SNVBLQ4I625KHI9"
96 http GET http://registry.npmjs.org/body-parser
97 verbose request where is /express
98 verbose request registry http://registry.npmjs.org/
99 verbose url raw /express
100 verbose url resolving [ 'http://registry.npmjs.org/', './express' ]
101 verbose url resolved http://registry.npmjs.org/express
102 verbose request where is http://registry.npmjs.org/express
103 info trying registry request attempt 1 at 11:42:52
104 verbose etag "6YXTAM3Y8WYY40KCU5X7REF3J"
105 http GET http://registry.npmjs.org/express
106 verbose request where is /morgan
107 verbose request registry http://registry.npmjs.org/
108 verbose url raw /morgan
109 verbose url resolving [ 'http://registry.npmjs.org/', './morgan' ]
110 verbose url resolved http://registry.npmjs.org/morgan
111 verbose request where is http://registry.npmjs.org/morgan
112 info trying registry request attempt 1 at 11:42:52
113 verbose etag "EH8BHL222U5YG2D6ZTV4DP5IO"
114 http GET http://registry.npmjs.org/morgan
115 verbose request where is /serve-favicon
116 verbose request registry http://registry.npmjs.org/
117 verbose url raw /serve-favicon
118 verbose url resolving [ 'http://registry.npmjs.org/', './serve-favicon' ]
119 verbose url resolved http://registry.npmjs.org/serve-favicon
120 verbose request where is http://registry.npmjs.org/serve-favicon
121 info trying registry request attempt 1 at 11:42:52
122 verbose etag "DQNCEOV1TU804V1DNRWACLPFP"
123 http GET http://registry.npmjs.org/serve-favicon
124 verbose request where is /debug
125 verbose request registry http://registry.npmjs.org/
126 verbose url raw /debug
127 verbose url resolving [ 'http://registry.npmjs.org/', './debug' ]
128 verbose url resolved http://registry.npmjs.org/debug
129 verbose request where is http://registry.npmjs.org/debug
130 info trying registry request attempt 1 at 11:42:52
131 verbose etag "BWMD72JWBAIND5V8QRU6MMLCL"
132 http GET http://registry.npmjs.org/debug
133 verbose request where is /jade
134 verbose request registry http://registry.npmjs.org/
135 verbose url raw /jade
136 verbose url resolving [ 'http://registry.npmjs.org/', './jade' ]
137 verbose url resolved http://registry.npmjs.org/jade
138 verbose request where is http://registry.npmjs.org/jade
139 info trying registry request attempt 1 at 11:42:52
140 verbose etag "QHLPMBXXME56JWDXG4BJV1EZ"
141 http GET http://registry.npmjs.org/jade
142 http 304 http://registry.npmjs.org/serve-favicon
143 silly registry.get cb [ 304,
143 silly registry.get   { date: 'Wed, 05 Nov 2014 16:42:52 GMT',
143 silly registry.get     via: '1.1 varnish',
143 silly registry.get     'last-modified': 'Wed, 05 Nov 2014 16:42:52 GMT',
143 silly registry.get     'cache-control': 'max-age=60',
143 silly registry.get     etag: '"DQNCEOV1TU804V1DNRWACLPFP"',
143 silly registry.get     age: '7',
143 silly registry.get     connection: 'keep-alive',
143 silly registry.get     'x-served-by': 'cache-atl6223-ATL',
143 silly registry.get     'x-cache': 'HIT',
143 silly registry.get     'x-cache-hits': '1',
143 silly registry.get     'x-timer': 'S1415205772.992102,VS0,VE1',
143 silly registry.get     vary: 'Accept' } ]
144 verbose etag http://registry.npmjs.org/serve-favicon from cache
145 silly addNameRange number 2 { name: 'serve-favicon',
145 silly addNameRange   range: '>=2.1.3-0 <2.2.0-0',
145 silly addNameRange   hasData: true }
146 silly addNameRange versions [ 'serve-favicon',
146 silly addNameRange   [ '2.0.0',
146 silly addNameRange     '2.0.1',
146 silly addNameRange     '2.1.0',
146 silly addNameRange     '2.1.1',
146 silly addNameRange     '2.1.2',
146 silly addNameRange     '2.1.3',
146 silly addNameRange     '2.1.4',
146 silly addNameRange     '2.1.5',
146 silly addNameRange     '2.1.6' ] ]
147 verbose addNamed [ 'serve-favicon', '2.1.6' ]
148 verbose addNamed [ '2.1.6', '2.1.6' ]
149 silly lockFile 4a3fd20c-serve-favicon-2-1-6 serve-favicon@2.1.6
150 verbose lock serve-favicon@2.1.6 /Users/txrzb/.npm/4a3fd20c-serve-favicon-2-1-6.lock
151 silly lockFile 4a3fd20c-serve-favicon-2-1-6 serve-favicon@2.1.6
152 silly lockFile 4a3fd20c-serve-favicon-2-1-6 serve-favicon@2.1.6
153 silly lockFile 38295489-serve-favicon-2-1-3 serve-favicon@~2.1.3
154 silly lockFile 38295489-serve-favicon-2-1-3 serve-favicon@~2.1.3
155 http 200 http://registry.npmjs.org/morgan
156 silly registry.get cb [ 200,
156 silly registry.get   { server: 'CouchDB/1.5.0 (Erlang OTP/R16B03)',
156 silly registry.get     etag: '"708ZQTN8ZP2GVR4WWCO6UK2FY"',
156 silly registry.get     'content-type': 'application/json',
156 silly registry.get     'cache-control': 'max-age=60',
156 silly registry.get     'content-length': '28573',
156 silly registry.get     'accept-ranges': 'bytes',
156 silly registry.get     date: 'Wed, 05 Nov 2014 16:42:52 GMT',
156 silly registry.get     via: '1.1 varnish',
156 silly registry.get     age: '48',
156 silly registry.get     connection: 'keep-alive',
156 silly registry.get     'x-served-by': 'cache-atl6220-ATL',
156 silly registry.get     'x-cache': 'HIT',
156 silly registry.get     'x-cache-hits': '1',
156 silly registry.get     'x-timer': 'S1415205772.990691,VS0,VE1',
156 silly registry.get     vary: 'Accept' } ]
157 silly addNameRange number 2 { name: 'morgan', range: '>=1.3.0-0 <1.4.0-0', hasData: true }
158 silly addNameRange versions [ 'morgan',
158 silly addNameRange   [ '1.0.0',
158 silly addNameRange     '1.0.1',
158 silly addNameRange     '1.1.0',
158 silly addNameRange     '1.1.1',
158 silly addNameRange     '1.2.0',
158 silly addNameRange     '1.2.1',
158 silly addNameRange     '1.2.2',
158 silly addNameRange     '1.2.3',
158 silly addNameRange     '1.3.0',
158 silly addNameRange     '1.3.1',
158 silly addNameRange     '1.3.2',
158 silly addNameRange     '1.4.0',
158 silly addNameRange     '1.4.1' ] ]
159 verbose addNamed [ 'morgan', '1.3.2' ]
160 verbose addNamed [ '1.3.2', '1.3.2' ]
161 silly lockFile 7e2b41c6-morgan-1-3-2 morgan@1.3.2
162 verbose lock morgan@1.3.2 /Users/txrzb/.npm/7e2b41c6-morgan-1-3-2.lock
163 silly lockFile 8f148b58-pmjs-org-morgan-morgan-1-3-2-tgz http://registry.npmjs.org/morgan/-/morgan-1.3.2.tgz
164 verbose lock http://registry.npmjs.org/morgan/-/morgan-1.3.2.tgz /Users/txrzb/.npm/8f148b58-pmjs-org-morgan-morgan-1-3-2-tgz.lock
165 verbose addRemoteTarball [ 'http://registry.npmjs.org/morgan/-/morgan-1.3.2.tgz',
165 verbose addRemoteTarball   'ac41aa15221ee4e5f2ac843896b6918139a18efd' ]
166 info retry fetch attempt 1 at 11:42:53
167 verbose fetch to= /var/folders/cj/t1ym91ts51162bvtlcqxd3rm0000gp/T/npm-38398-S2lNAxp5/registry.npmjs.org/morgan/-/morgan-1.3.2.tgz
168 http GET http://registry.npmjs.org/morgan/-/morgan-1.3.2.tgz
169 http 304 http://registry.npmjs.org/jade
170 silly registry.get cb [ 304,
170 silly registry.get   { date: 'Wed, 05 Nov 2014 16:42:53 GMT',
170 silly registry.get     via: '1.1 varnish',
170 silly registry.get     'last-modified': 'Wed, 05 Nov 2014 16:42:53 GMT',
170 silly registry.get     'cache-control': 'max-age=60',
170 silly registry.get     etag: '"QHLPMBXXME56JWDXG4BJV1EZ"',
170 silly registry.get     age: '1',
170 silly registry.get     connection: 'keep-alive',
170 silly registry.get     'x-served-by': 'cache-atl6220-ATL',
170 silly registry.get     'x-cache': 'HIT',
170 silly registry.get     'x-cache-hits': '1',
170 silly registry.get     'x-timer': 'S1415205773.047315,VS0,VE4',
170 silly registry.get     vary: 'Accept' } ]
171 verbose etag http://registry.npmjs.org/jade from cache
172 silly addNameRange number 2 { name: 'jade', range: '>=1.6.0-0 <1.7.0-0', hasData: true }
173 silly addNameRange versions [ 'jade',
173 silly addNameRange   [ '0.0.1',
173 silly addNameRange     '0.0.2',
173 silly addNameRange     '0.1.0',
173 silly addNameRange     '0.2.0',
173 silly addNameRange     '0.2.1',
173 silly addNameRange     '0.2.2',
173 silly addNameRange     '0.2.3',
173 silly addNameRange     '0.2.4',
173 silly addNameRange     '0.3.0',
173 silly addNameRange     '0.4.0',
173 silly addNameRange     '0.4.1',
173 silly addNameRange     '0.5.0',
173 silly addNameRange     '0.5.1',
173 silly addNameRange     '0.5.2',
173 silly addNameRange     '0.5.3',
173 silly addNameRange     '0.5.4',
173 silly addNameRange     '0.5.5',
173 silly addNameRange     '0.5.6',
173 silly addNameRange     '0.5.7',
173 silly addNameRange     '0.6.0',
173 silly addNameRange     '0.6.1',
173 silly addNameRange     '0.6.3',
173 silly addNameRange     '0.7.0',
173 silly addNameRange     '0.7.1',
173 silly addNameRange     '0.8.0',
173 silly addNameRange     '0.8.1',
173 silly addNameRange     '0.8.2',
173 silly addNameRange     '0.8.3',
173 silly addNameRange     '0.8.4',
173 silly addNameRange     '0.8.5',
173 silly addNameRange     '0.8.6',
173 silly addNameRange     '0.8.7',
173 silly addNameRange     '0.8.8',
173 silly addNameRange     '0.8.9',
173 silly addNameRange     '0.9.0',
173 silly addNameRange     '0.9.1',
173 silly addNameRange     '0.9.2',
173 silly addNameRange     '0.9.3',
173 silly addNameRange     '0.10.0',
173 silly addNameRange     '0.10.1',
173 silly addNameRange     '0.10.2',
173 silly addNameRange     '0.10.3',
173 silly addNameRange     '0.10.4',
173 silly addNameRange     '0.10.5',
173 silly addNameRange     '0.10.6',
173 silly addNameRange     '0.10.7',
173 silly addNameRange     '0.11.0',
173 silly addNameRange     '0.11.1',
173 silly addNameRange     '0.12.0',
173 silly addNameRange     '0.12.1',
173 silly addNameRange     '0.12.2',
173 silly addNameRange     '0.12.3',
173 silly addNameRange     '0.12.4',
173 silly addNameRange     '0.13.0',
173 silly addNameRange     '0.14.0',
173 silly addNameRange     '0.14.1',
173 silly addNameRange     '0.14.2',
173 silly addNameRange     '0.15.0',
173 silly addNameRange     '0.15.1',
173 silly addNameRange     '0.15.2',
173 silly addNameRange     '0.15.3',
173 silly addNameRange     '0.15.4',
173 silly addNameRange     '0.16.0',
173 silly addNameRange     '0.16.1',
173 silly addNameRange     '0.16.2',
173 silly addNameRange     '0.16.3',
173 silly addNameRange     '0.16.4',
173 silly addNameRange     '0.17.0',
173 silly addNameRange     '0.18.0',
173 silly addNameRange     '0.19.0',
173 silly addNameRange     '0.20.0',
173 silly addNameRange     '0.20.1',
173 silly addNameRange     '0.20.2',
173 silly addNameRange     '0.20.3',
173 silly addNameRange     '0.21.0',
173 silly addNameRange     '0.22.0',
173 silly addNameRange     '0.22.1',
173 silly addNameRange     '0.23.0',
173 silly addNameRange     '0.24.0',
173 silly addNameRange     '0.25.0',
173 silly addNameRange     '0.26.0',
173 silly addNameRange     '0.26.1',
173 silly addNameRange     '0.26.2',
173 silly addNameRange     '0.26.3',
173 silly addNameRange     '0.27.0',
173 silly addNameRange     '0.27.1',
173 silly addNameRange     '0.27.2',
173 silly addNameRange     '0.27.3',
173 silly addNameRange     '0.27.4',
173 silly addNameRange     '0.27.5',
173 silly addNameRange     '0.27.6',
173 silly addNameRange     '0.27.7',
173 silly addNameRange     '0.28.0',
173 silly addNameRange     '0.28.1',
173 silly addNameRange     '0.28.2',
173 silly addNameRange     '0.29.0',
173 silly addNameRange     '0.30.0',
173 silly addNameRange     '0.31.0',
173 silly addNameRange     '0.31.1',
173 silly addNameRange     '0.31.2',
173 silly addNameRange     '0.32.0',
173 silly addNameRange     '0.33.0',
173 silly addNameRange     '0.34.0',
173 silly addNameRange     '0.34.1',
173 silly addNameRange     '0.35.0',
173 silly addNameRange     '1.0.0',
173 silly addNameRange     '1.0.1',
173 silly addNameRange     '1.0.2',
173 silly addNameRange     '1.1.0',
173 silly addNameRange     '1.1.1',
173 silly addNameRange     '1.1.2',
173 silly addNameRange     '1.1.3',
173 silly addNameRange     '1.1.4',
173 silly addNameRange     '1.1.5',
173 silly addNameRange     '1.2.0',
173 silly addNameRange     '1.3.0',
173 silly addNameRange     '1.3.1',
173 silly addNameRange     '1.4.0',
173 silly addNameRange     '1.4.1',
173 silly addNameRange     '1.4.2',
173 silly addNameRange     '1.5.0',
173 silly addNameRange     '1.6.0',
173 silly addNameRange     '1.7.0' ] ]
174 verbose addNamed [ 'jade', '1.6.0' ]
175 verbose addNamed [ '1.6.0', '1.6.0' ]
176 silly lockFile c06071bd-jade-1-6-0 jade@1.6.0
177 verbose lock jade@1.6.0 /Users/txrzb/.npm/c06071bd-jade-1-6-0.lock
178 http 200 http://registry.npmjs.org/body-parser
179 silly registry.get cb [ 200,
179 silly registry.get   { server: 'CouchDB/1.5.0 (Erlang OTP/R16B03)',
179 silly registry.get     etag: '"31NOWALYE5KS8CUXXM9FZZM0H"',
179 silly registry.get     'content-type': 'application/json',
179 silly registry.get     'cache-control': 'max-age=60',
179 silly registry.get     'content-length': '71579',
179 silly registry.get     'accept-ranges': 'bytes',
179 silly registry.get     date: 'Wed, 05 Nov 2014 16:42:52 GMT',
179 silly registry.get     via: '1.1 varnish',
179 silly registry.get     age: '18',
179 silly registry.get     connection: 'keep-alive',
179 silly registry.get     'x-served-by': 'cache-atl6234-ATL',
179 silly registry.get     'x-cache': 'HIT',
179 silly registry.get     'x-cache-hits': '1',
179 silly registry.get     'x-timer': 'S1415205772.985191,VS0,VE1',
179 silly registry.get     vary: 'Accept' } ]
180 http 200 http://registry.npmjs.org/debug
181 silly registry.get cb [ 200,
181 silly registry.get   { server: 'CouchDB/1.5.0 (Erlang OTP/R16B03)',
181 silly registry.get     etag: '"6XAF04JEIUAY679NV7GJMKWPQ"',
181 silly registry.get     'content-type': 'application/json',
181 silly registry.get     'cache-control': 'max-age=60',
181 silly registry.get     'content-length': '28202',
181 silly registry.get     'accept-ranges': 'bytes',
181 silly registry.get     date: 'Wed, 05 Nov 2014 16:42:53 GMT',
181 silly registry.get     via: '1.1 varnish',
181 silly registry.get     age: '49',
181 silly registry.get     connection: 'keep-alive',
181 silly registry.get     'x-served-by': 'cache-atl6223-ATL',
181 silly registry.get     'x-cache': 'HIT',
181 silly registry.get     'x-cache-hits': '8',
181 silly registry.get     'x-timer': 'S1415205773.022058,VS0,VE0',
181 silly registry.get     vary: 'Accept' } ]
182 silly lockFile cca68e6c-ry-npmjs-org-jade-jade-1-6-0-tgz http://registry.npmjs.org/jade/-/jade-1.6.0.tgz
183 verbose lock http://registry.npmjs.org/jade/-/jade-1.6.0.tgz /Users/txrzb/.npm/cca68e6c-ry-npmjs-org-jade-jade-1-6-0-tgz.lock
184 verbose addRemoteTarball [ 'http://registry.npmjs.org/jade/-/jade-1.6.0.tgz',
184 verbose addRemoteTarball   'c02540cd97b1014db3c15743746bc3dcd54170f9' ]
185 silly addNameRange number 2 { name: 'body-parser',
185 silly addNameRange   range: '>=1.8.1-0 <1.9.0-0',
185 silly addNameRange   hasData: true }
186 silly addNameRange versions [ 'body-parser',
186 silly addNameRange   [ '1.0.0',
186 silly addNameRange     '1.0.1',
186 silly addNameRange     '1.0.2',
186 silly addNameRange     '1.1.0',
186 silly addNameRange     '1.1.1',
186 silly addNameRange     '1.1.2',
186 silly addNameRange     '1.2.0',
186 silly addNameRange     '1.2.1',
186 silly addNameRange     '1.2.2',
186 silly addNameRange     '1.3.0',
186 silly addNameRange     '1.3.1',
186 silly addNameRange     '1.4.0',
186 silly addNameRange     '1.4.1',
186 silly addNameRange     '1.4.2',
186 silly addNameRange     '1.4.3',
186 silly addNameRange     '1.5.0',
186 silly addNameRange     '1.5.1',
186 silly addNameRange     '1.5.2',
186 silly addNameRange     '1.6.0',
186 silly addNameRange     '1.6.1',
186 silly addNameRange     '1.6.2',
186 silly addNameRange     '1.6.3',
186 silly addNameRange     '1.6.4',
186 silly addNameRange     '1.6.5',
186 silly addNameRange     '1.6.6',
186 silly addNameRange     '1.6.7',
186 silly addNameRange     '1.7.0',
186 silly addNameRange     '1.8.0',
186 silly addNameRange     '1.8.1',
186 silly addNameRange     '1.8.2',
186 silly addNameRange     '1.8.3',
186 silly addNameRange     '1.8.4',
186 silly addNameRange     '1.9.0',
186 silly addNameRange     '1.9.1',
186 silly addNameRange     '1.9.2' ] ]
187 verbose addNamed [ 'body-parser', '1.8.4' ]
188 verbose addNamed [ '1.8.4', '1.8.4' ]
189 silly lockFile 5cba912c-body-parser-1-8-4 body-parser@1.8.4
190 verbose lock body-parser@1.8.4 /Users/txrzb/.npm/5cba912c-body-parser-1-8-4.lock
191 silly addNameRange number 2 { name: 'debug', range: '>=2.0.0-0 <2.1.0-0', hasData: true }
192 silly addNameRange versions [ 'debug',
192 silly addNameRange   [ '0.0.1',
192 silly addNameRange     '0.1.0',
192 silly addNameRange     '0.2.0',
192 silly addNameRange     '0.3.0',
192 silly addNameRange     '0.4.0',
192 silly addNameRange     '0.4.1',
192 silly addNameRange     '0.5.0',
192 silly addNameRange     '0.6.0',
192 silly addNameRange     '0.7.0',
192 silly addNameRange     '0.7.1',
192 silly addNameRange     '0.7.2',
192 silly addNameRange     '0.7.3',
192 silly addNameRange     '0.7.4',
192 silly addNameRange     '0.8.0',
192 silly addNameRange     '0.8.1',
192 silly addNameRange     '1.0.0',
192 silly addNameRange     '1.0.1',
192 silly addNameRange     '1.0.2',
192 silly addNameRange     '1.0.3',
192 silly addNameRange     '1.0.4',
192 silly addNameRange     '2.0.0',
192 silly addNameRange     '2.1.0' ] ]
193 verbose addNamed [ 'debug', '2.0.0' ]
194 verbose addNamed [ '2.0.0', '2.0.0' ]
195 silly lockFile 095bd820-debug-2-0-0 debug@2.0.0
196 verbose lock debug@2.0.0 /Users/txrzb/.npm/095bd820-debug-2-0-0.lock
197 http 200 http://registry.npmjs.org/morgan/-/morgan-1.3.2.tgz
198 info retry fetch attempt 1 at 11:42:53
199 verbose fetch to= /var/folders/cj/t1ym91ts51162bvtlcqxd3rm0000gp/T/npm-38398-S2lNAxp5/registry.npmjs.org/jade/-/jade-1.6.0.tgz
200 silly lockFile c28335be-ody-parser-body-parser-1-8-4-tgz http://registry.npmjs.org/body-parser/-/body-parser-1.8.4.tgz
201 verbose lock http://registry.npmjs.org/body-parser/-/body-parser-1.8.4.tgz /Users/txrzb/.npm/c28335be-ody-parser-body-parser-1-8-4-tgz.lock
202 http GET http://registry.npmjs.org/jade/-/jade-1.6.0.tgz
203 verbose addRemoteTarball [ 'http://registry.npmjs.org/body-parser/-/body-parser-1.8.4.tgz',
203 verbose addRemoteTarball   'd497e04bc13b3f9a8bd8c70bb0cdc16f2e028898' ]
204 info retry fetch attempt 1 at 11:42:53
205 verbose fetch to= /var/folders/cj/t1ym91ts51162bvtlcqxd3rm0000gp/T/npm-38398-S2lNAxp5/registry.npmjs.org/body-parser/-/body-parser-1.8.4.tgz
206 silly lockFile 095bd820-debug-2-0-0 debug@2.0.0
207 silly lockFile 095bd820-debug-2-0-0 debug@2.0.0
208 http GET http://registry.npmjs.org/body-parser/-/body-parser-1.8.4.tgz
209 silly lockFile 12b6356d-debug-2-0-0 debug@~2.0.0
210 silly lockFile 12b6356d-debug-2-0-0 debug@~2.0.0
211 silly lockFile 8f148b58-pmjs-org-morgan-morgan-1-3-2-tgz http://registry.npmjs.org/morgan/-/morgan-1.3.2.tgz
212 silly lockFile 8f148b58-pmjs-org-morgan-morgan-1-3-2-tgz http://registry.npmjs.org/morgan/-/morgan-1.3.2.tgz
213 silly lockFile 7e2b41c6-morgan-1-3-2 morgan@1.3.2
214 silly lockFile 7e2b41c6-morgan-1-3-2 morgan@1.3.2
215 silly lockFile a4a9bdf4-morgan-1-3-0 morgan@~1.3.0
216 silly lockFile a4a9bdf4-morgan-1-3-0 morgan@~1.3.0
217 http 200 http://registry.npmjs.org/jade/-/jade-1.6.0.tgz
218 http 200 http://registry.npmjs.org/body-parser/-/body-parser-1.8.4.tgz
219 silly lockFile c28335be-ody-parser-body-parser-1-8-4-tgz http://registry.npmjs.org/body-parser/-/body-parser-1.8.4.tgz
220 silly lockFile c28335be-ody-parser-body-parser-1-8-4-tgz http://registry.npmjs.org/body-parser/-/body-parser-1.8.4.tgz
221 silly lockFile 5cba912c-body-parser-1-8-4 body-parser@1.8.4
222 silly lockFile 5cba912c-body-parser-1-8-4 body-parser@1.8.4
223 silly lockFile a49948c1-body-parser-1-8-1 body-parser@~1.8.1
224 silly lockFile a49948c1-body-parser-1-8-1 body-parser@~1.8.1
225 http 200 http://registry.npmjs.org/express
226 silly registry.get cb [ 200,
226 silly registry.get   { server: 'CouchDB/1.5.0 (Erlang OTP/R16B03)',
226 silly registry.get     etag: '"9VWKYZ1F4O5IC5ARH8TR2R278"',
226 silly registry.get     'content-type': 'application/json',
226 silly registry.get     'cache-control': 'max-age=60',
226 silly registry.get     'content-length': '412453',
226 silly registry.get     'accept-ranges': 'bytes',
226 silly registry.get     date: 'Wed, 05 Nov 2014 16:42:52 GMT',
226 silly registry.get     via: '1.1 varnish',
226 silly registry.get     age: '5',
226 silly registry.get     connection: 'keep-alive',
226 silly registry.get     'x-served-by': 'cache-atl6226-ATL',
226 silly registry.get     'x-cache': 'HIT',
226 silly registry.get     'x-cache-hits': '2',
226 silly registry.get     'x-timer': 'S1415205772.984314,VS0,VE0',
226 silly registry.get     vary: 'Accept' } ]
227 silly addNameRange number 2 { name: 'express', range: '>=4.9.0-0 <4.10.0-0', hasData: true }
228 silly addNameRange versions [ 'express',
228 silly addNameRange   [ '0.14.0',
228 silly addNameRange     '0.14.1',
228 silly addNameRange     '1.0.0',
228 silly addNameRange     '1.0.1',
228 silly addNameRange     '1.0.2',
228 silly addNameRange     '1.0.3',
228 silly addNameRange     '1.0.4',
228 silly addNameRange     '1.0.5',
228 silly addNameRange     '1.0.6',
228 silly addNameRange     '1.0.7',
228 silly addNameRange     '1.0.8',
228 silly addNameRange     '2.0.0',
228 silly addNameRange     '2.1.0',
228 silly addNameRange     '2.1.1',
228 silly addNameRange     '2.2.0',
228 silly addNameRange     '2.2.1',
228 silly addNameRange     '2.2.2',
228 silly addNameRange     '2.3.0',
228 silly addNameRange     '2.3.1',
228 silly addNameRange     '2.3.2',
228 silly addNameRange     '2.3.3',
228 silly addNameRange     '2.3.4',
228 silly addNameRange     '2.3.5',
228 silly addNameRange     '2.3.6',
228 silly addNameRange     '2.3.7',
228 silly addNameRange     '2.3.8',
228 silly addNameRange     '2.3.9',
228 silly addNameRange     '2.3.10',
228 silly addNameRange     '2.3.11',
228 silly addNameRange     '2.3.12',
228 silly addNameRange     '2.4.0',
228 silly addNameRange     '2.4.1',
228 silly addNameRange     '2.4.2',
228 silly addNameRange     '2.4.3',
228 silly addNameRange     '2.4.4',
228 silly addNameRange     '2.4.5',
228 silly addNameRange     '2.4.6',
228 silly addNameRange     '2.4.7',
228 silly addNameRange     '2.5.0',
228 silly addNameRange     '2.5.1',
228 silly addNameRange     '2.5.2',
228 silly addNameRange     '2.5.3',
228 silly addNameRange     '2.5.4',
228 silly addNameRange     '2.5.5',
228 silly addNameRange     '2.5.6',
228 silly addNameRange     '2.5.7',
228 silly addNameRange     '2.5.8',
228 silly addNameRange     '2.5.9',
228 silly addNameRange     '2.5.10',
228 silly addNameRange     '2.5.11',
228 silly addNameRange     '3.0.0',
228 silly addNameRange     '3.0.1',
228 silly addNameRange     '3.0.2',
228 silly addNameRange     '3.0.3',
228 silly addNameRange     '3.0.4',
228 silly addNameRange     '3.0.5',
228 silly addNameRange     '3.0.6',
228 silly addNameRange     '3.1.0',
228 silly addNameRange     '3.1.1',
228 silly addNameRange     '3.1.2',
228 silly addNameRange     '3.2.0',
228 silly addNameRange     '3.2.1',
228 silly addNameRange     '3.2.2',
228 silly addNameRange     '3.2.3',
228 silly addNameRange     '3.2.4',
228 silly addNameRange     '3.2.5',
228 silly addNameRange     '3.2.6',
228 silly addNameRange     '3.3.0',
228 silly addNameRange     '3.3.1',
228 silly addNameRange     '3.3.2',
228 silly addNameRange     '3.3.3',
228 silly addNameRange     '3.3.4',
228 silly addNameRange     '3.3.5',
228 silly addNameRange     '3.3.6',
228 silly addNameRange     '1.0.0-beta',
228 silly addNameRange     '1.0.0-beta2',
228 silly addNameRange     '1.0.0-rc',
228 silly addNameRange     '1.0.0-rc2',
228 silly addNameRange     '1.0.0-rc3',
228 silly addNameRange     '1.0.0-rc4',
228 silly addNameRange     '2.0.0-beta',
228 silly addNameRange     '2.0.0-beta2',
228 silly addNameRange     '2.0.0-beta3',
228 silly addNameRange     '2.0.0-rc',
228 silly addNameRange     '2.0.0-rc2',
228 silly addNameRange     '2.0.0-rc3',
228 silly addNameRange     '3.0.0-alpha1',
228 silly addNameRange     '3.0.0-alpha2',
228 silly addNameRange     '3.0.0-alpha3',
228 silly addNameRange     '3.0.0-alpha4',
228 silly addNameRange     '3.0.0-alpha5',
228 silly addNameRange     '3.0.0-beta1',
228 silly addNameRange     '3.0.0-beta2',
228 silly addNameRange     '3.0.0-beta3',
228 silly addNameRange     '3.0.0-beta4',
228 silly addNameRange     '3.0.0-beta6',
228 silly addNameRange     '3.0.0-beta7',
228 silly addNameRange     '3.0.0-rc1',
228 silly addNameRange     '3.0.0-rc2',
228 silly addNameRange     '3.0.0-rc3',
228 silly addNameRange     '3.0.0-rc4',
228 silly addNameRange     '3.0.0-rc5',
228 silly addNameRange     '3.3.7',
228 silly addNameRange     '3.3.8',
228 silly addNameRange     '3.4.0',
228 silly addNameRange     '3.4.1',
228 silly addNameRange     '3.4.2',
228 silly addNameRange     '3.4.3',
228 silly addNameRange     '3.4.4',
228 silly addNameRange     '3.4.5',
228 silly addNameRange     '3.4.6',
228 silly addNameRange     '3.4.7',
228 silly addNameRange     '3.4.8',
228 silly addNameRange     '4.0.0-rc1',
228 silly addNameRange     '4.0.0-rc2',
228 silly addNameRange     '3.5.0',
228 silly addNameRange     '4.0.0-rc3',
228 silly addNameRange     '4.0.0-rc4',
228 silly addNameRange     '3.5.1',
228 silly addNameRange     '4.0.0',
228 silly addNameRange     '3.5.2',
228 silly addNameRange     '4.1.0',
228 silly addNameRange     '4.1.1',
228 silly addNameRange     '3.5.3',
228 silly addNameRange     '4.1.2',
228 silly addNameRange     '3.6.0',
228 silly addNameRange     '4.2.0',
228 silly addNameRange     '3.7.0',
228 silly addNameRange     '3.8.0',
228 silly addNameRange     '4.3.0',
228 silly addNameRange     '4.3.1',
228 silly addNameRange     '3.8.1',
228 silly addNameRange     '4.3.2',
228 silly addNameRange     '3.9.0',
228 silly addNameRange     '4.4.0',
228 silly addNameRange     '4.4.1',
228 silly addNameRange     '3.10.0',
228 silly addNameRange     '3.10.1',
228 silly addNameRange     '3.10.2',
228 silly addNameRange     '3.10.3',
228 silly addNameRange     '3.10.4',
228 silly addNameRange     '4.4.2',
228 silly addNameRange     '3.10.5',
228 silly addNameRange     '4.4.3',
228 silly addNameRange     '3.11.0',
228 silly addNameRange     '4.4.4',
228 silly addNameRange     '3.12.0',
228 silly addNameRange     '3.12.1',
228 silly addNameRange     '4.4.5',
228 silly addNameRange     '3.13.0',
228 silly addNameRange     '4.5.0',
228 silly addNameRange     '4.5.1',
228 silly addNameRange     '3.14.0',
228 silly addNameRange     '4.6.0',
228 silly addNameRange     '4.6.1',
228 silly addNameRange     '3.15.0',
228 silly addNameRange     '4.7.0',
228 silly addNameRange     '3.15.1',
228 silly addNameRange     '4.7.1',
228 silly addNameRange     '3.15.2',
228 silly addNameRange     '4.7.2',
228 silly addNameRange     '4.7.3',
228 silly addNameRange     '3.15.3',
228 silly addNameRange     '4.7.4',
228 silly addNameRange     '3.16.0',
228 silly addNameRange     '4.8.0',
228 silly addNameRange     '3.16.1',
228 silly addNameRange     '4.8.1',
228 silly addNameRange     '3.16.2',
228 silly addNameRange     '4.8.2',
228 silly addNameRange     '3.16.3',
228 silly addNameRange     '3.16.4',
228 silly addNameRange     '4.8.3',
228 silly addNameRange     '3.16.5',
228 silly addNameRange     '3.16.6',
228 silly addNameRange     '4.8.4',
228 silly addNameRange     '3.16.7',
228 silly addNameRange     '4.8.5',
228 silly addNameRange     '3.16.8',
228 silly addNameRange     '4.8.6',
228 silly addNameRange     '3.16.9',
228 silly addNameRange     '4.8.7',
228 silly addNameRange     '3.16.10',
228 silly addNameRange     '4.8.8',
228 silly addNameRange     '3.17.0',
228 silly addNameRange     '3.17.1',
228 silly addNameRange     '4.9.0',
228 silly addNameRange     '3.17.2',
228 silly addNameRange     '4.9.1',
228 silly addNameRange     '4.9.2',
228 silly addNameRange     '3.17.3',
228 silly addNameRange     '4.9.3',
228 silly addNameRange     '3.17.4',
228 silly addNameRange     '4.9.4',
228 silly addNameRange     '3.17.5',
228 silly addNameRange     '4.9.5',
228 silly addNameRange     '3.17.6',
228 silly addNameRange     '3.17.7',
228 silly addNameRange     '4.9.6',
228 silly addNameRange     '4.9.7',
228 silly addNameRange     '3.17.8',
228 silly addNameRange     '4.9.8',
228 silly addNameRange     '3.18.0',
228 silly addNameRange     '3.18.1',
228 silly addNameRange     '4.10.0',
228 silly addNameRange     '3.18.2',
228 silly addNameRange     '4.10.1' ] ]
229 verbose addNamed [ 'express', '4.9.8' ]
230 verbose addNamed [ '4.9.8', '4.9.8' ]
231 silly lockFile 3e3a25f6-express-4-9-8 express@4.9.8
232 verbose lock express@4.9.8 /Users/txrzb/.npm/3e3a25f6-express-4-9-8.lock
233 silly lockFile 09d92aee-js-org-express-express-4-9-8-tgz http://registry.npmjs.org/express/-/express-4.9.8.tgz
234 verbose lock http://registry.npmjs.org/express/-/express-4.9.8.tgz /Users/txrzb/.npm/09d92aee-js-org-express-express-4-9-8-tgz.lock
235 verbose addRemoteTarball [ 'http://registry.npmjs.org/express/-/express-4.9.8.tgz',
235 verbose addRemoteTarball   'f360f596baeabbd0e5223b603d6eb578d9d2d10d' ]
236 info retry fetch attempt 1 at 11:42:53
237 verbose fetch to= /var/folders/cj/t1ym91ts51162bvtlcqxd3rm0000gp/T/npm-38398-S2lNAxp5/registry.npmjs.org/express/-/express-4.9.8.tgz
238 http GET http://registry.npmjs.org/express/-/express-4.9.8.tgz
239 silly lockFile cca68e6c-ry-npmjs-org-jade-jade-1-6-0-tgz http://registry.npmjs.org/jade/-/jade-1.6.0.tgz
240 silly lockFile cca68e6c-ry-npmjs-org-jade-jade-1-6-0-tgz http://registry.npmjs.org/jade/-/jade-1.6.0.tgz
241 silly lockFile c06071bd-jade-1-6-0 jade@1.6.0
242 silly lockFile c06071bd-jade-1-6-0 jade@1.6.0
243 silly lockFile ad8c17a8-jade-1-6-0 jade@~1.6.0
244 silly lockFile ad8c17a8-jade-1-6-0 jade@~1.6.0
245 error Error: EACCES, mkdir '/Users/txrzb/.npm/jade/1.6.0'
245 error  { [Error: EACCES, mkdir '/Users/txrzb/.npm/jade/1.6.0']
245 error   errno: 3,
245 error   code: 'EACCES',
245 error   path: '/Users/txrzb/.npm/jade/1.6.0',
245 error   parent: 'express-sample' }
246 error Please try running this command again as root/Administrator.
247 error System Darwin 14.0.0
248 error command "/usr/local/bin/node" "/usr/local/bin/npm" "install"
249 error cwd /Users/txrzb/work/learn/technologies/node.js/express-sample
250 error node -v v0.10.31
251 error npm -v 1.4.23
252 error path /Users/txrzb/.npm/jade/1.6.0
253 error code EACCES
254 error errno 3
255 error stack Error: EACCES, mkdir '/Users/txrzb/.npm/jade/1.6.0'
256 verbose exit [ 3, true ]
